d:\tankwar\tankwar\x64\release\tankwar.pch
d:\tankwar\tankwar\x64\release\vc120.pdb
d:\tankwar\tankwar\x64\release\stdafx.obj
d:\tankwar\tankwar\x64\release\wall.obj
d:\tankwar\tankwar\x64\release\tool.obj
d:\tankwar\tankwar\x64\release\tankwar.obj
d:\tankwar\tankwar\x64\release\tank.obj
d:\tankwar\tankwar\x64\release\plane.obj
d:\tankwar\tankwar\x64\release\mytank.obj
d:\tankwar\tankwar\x64\release\fire.obj
d:\tankwar\tankwar\x64\release\base.obj
d:\tankwar\tankwar\x64\release\game.obj
d:\tankwar\x64\release\tankwar.exe
d:\tankwar\x64\release\tankwar.pdb
d:\学校学业\opncv\tankwar\tankwar\x64\release\base.obj
d:\学校学业\opncv\tankwar\tankwar\x64\release\fire.obj
d:\学校学业\opncv\tankwar\tankwar\x64\release\game.obj
d:\学校学业\opncv\tankwar\tankwar\x64\release\mytank.obj
d:\学校学业\opncv\tankwar\tankwar\x64\release\plane.obj
d:\学校学业\opncv\tankwar\tankwar\x64\release\stdafx.obj
d:\学校学业\opncv\tankwar\tankwar\x64\release\tank.obj
d:\学校学业\opncv\tankwar\tankwar\x64\release\tankwar.obj
d:\学校学业\opncv\tankwar\tankwar\x64\release\tool.obj
d:\学校学业\opncv\tankwar\tankwar\x64\release\wall.obj
d:\学校学业\opncv\tankwar\tankwar\x64\release\tankwar.pch
d:\学校学业\opncv\tankwar\tankwar\x64\release\vc120.pdb
d:\学校学业\opncv\tankwar\x64\release\tankwar.pdb
d:\学校学业\opncv\tankwar\x64\release\tankwar.exe
d:\学校学业\opncv\tankwar\tankwar\x64\release\tankwar.tlog\cl.command.1.tlog
d:\学校学业\opncv\tankwar\tankwar\x64\release\tankwar.tlog\cl.read.1.tlog
d:\学校学业\opncv\tankwar\tankwar\x64\release\tankwar.tlog\cl.write.1.tlog
d:\学校学业\opncv\tankwar\tankwar\x64\release\tankwar.tlog\link.command.1.tlog
d:\学校学业\opncv\tankwar\tankwar\x64\release\tankwar.tlog\link.read.1.tlog
d:\学校学业\opncv\tankwar\tankwar\x64\release\tankwar.tlog\link.write.1.tlog
